# JRE version: Java(TM) SE Runtime Environment (8.0_92-b14) (build 1.8.0_92-b14)
# Java VM: Java HotSpot(TM) 64-Bit Server VM (25.92-b14 mixed mode windows-amd64 compressed oops)
Heap:
 PSYoungGen      total 181248K, used 146992K [0x00000000eab00000, 0x0000000100000000, 0x0000000100000000)
  eden space 125952K, 98% used [0x00000000eab00000,0x00000000f246eb78,0x00000000f2600000)
  from space 55296K, 40% used [0x00000000fca00000,0x00000000fe01d860,0x0000000100000000)
  to   space 111616K, 0% used [0x00000000f2600000,0x00000000f2600000,0x00000000f9300000)
 ParOldGen       total 374272K, used 218159K [0x00000000c0000000, 0x00000000d6d80000, 0x00000000eab00000)
  object space 374272K, 58% used [0x00000000c0000000,0x00000000cd50bde8,0x00000000d6d80000)
 Metaspace       used 6450K, capacity 7256K, committed 7424K, reserved 1056768K
  class space    used 618K, capacity 656K, committed 768K, reserved 1048576K
GC Heap History (10 events):
Event: 11.189 GC heap before
{Heap before GC invocations=6 (full 0):
 PSYoungGen      total 138240K, used 138227K [0x00000000eab00000, 0x00000000fe500000, 0x0000000100000000)
  eden space 133120K, 100% used [0x00000000eab00000,0x00000000f2d00000,0x00000000f2d00000)
  from space 5120K, 99% used [0x00000000f2d00000,0x00000000f31fcd10,0x00000000f3200000)
  to   space 27648K, 0% used [0x00000000fca00000,0x00000000fca00000,0x00000000fe500000)
 ParOldGen       total 87552K, used 48143K [0x00000000c0000000, 0x00000000c5580000, 0x00000000eab00000)
  object space 87552K, 54% used [0x00000000c0000000,0x00000000c2f03f30,0x00000000c5580000)
 Metaspace       used 6415K, capacity 7256K, committed 7424K, reserved 1056768K
  class space    used 614K, capacity 656K, committed 768K, reserved 1048576K
Event: 11.234 GC heap after
Heap after GC invocations=6 (full 0):
 PSYoungGen      total 291328K, used 22927K [0x00000000eab00000, 0x00000000fea00000, 0x0000000100000000)
  eden space 263680K, 0% used [0x00000000eab00000,0x00000000eab00000,0x00000000fac80000)
  from space 27648K, 82% used [0x00000000fca00000,0x00000000fe063dc8,0x00000000fe500000)
  to   space 30208K, 0% used [0x00000000fac80000,0x00000000fac80000,0x00000000fca00000)
 ParOldGen       total 87552K, used 48143K [0x00000000c0000000, 0x00000000c5580000, 0x00000000eab00000)
  object space 87552K, 54% used [0x00000000c0000000,0x00000000c2f03f30,0x00000000c5580000)
 Metaspace       used 6415K, capacity 7256K, committed 7424K, reserved 1056768K
  class space    used 614K, capacity 656K, committed 768K, reserved 1048576K
}
Event: 14.148 GC heap before
{Heap before GC invocations=7 (full 0):
 PSYoungGen      total 291328K, used 286607K [0x00000000eab00000, 0x00000000fea00000, 0x0000000100000000)
  eden space 263680K, 100% used [0x00000000eab00000,0x00000000fac80000,0x00000000fac80000)
  from space 27648K, 82% used [0x00000000fca00000,0x00000000fe063dc8,0x00000000fe500000)
  to   space 30208K, 0% used [0x00000000fac80000,0x00000000fac80000,0x00000000fca00000)
 ParOldGen       total 87552K, used 48143K [0x00000000c0000000, 0x00000000c5580000, 0x00000000eab00000)
  object space 87552K, 54% used [0x00000000c0000000,0x00000000c2f03f30,0x00000000c5580000)
 Metaspace       used 6448K, capacity 7256K, committed 7424K, reserved 1056768K
  class space    used 618K, capacity 656K, committed 768K, reserved 1048576K
Event: 14.381 GC heap after
Heap after GC invocations=7 (full 0):
 PSYoungGen      total 293888K, used 30195K [0x00000000eab00000, 0x0000000100000000, 0x0000000100000000)
  eden space 263680K, 0% used [0x00000000eab00000,0x00000000eab00000,0x00000000fac80000)
  from space 30208K, 99% used [0x00000000fac80000,0x00000000fc9fcc50,0x00000000fca00000)
  to   space 55296K, 0% used [0x00000000fca00000,0x00000000fca00000,0x0000000100000000)
 ParOldGen       total 121344K, used 119317K [0x00000000c0000000, 0x00000000c7680000, 0x00000000eab00000)
  object space 121344K, 98% used [0x00000000c0000000,0x00000000c74855b0,0x00000000c7680000)
 Metaspace       used 6448K, capacity 7256K, committed 7424K, reserved 1056768K
  class space    used 618K, capacity 656K, committed 768K, reserved 1048576K
}
Event: 14.381 GC heap before
{Heap before GC invocations=8 (full 1):
 PSYoungGen      total 293888K, used 30195K [0x00000000eab00000, 0x0000000100000000, 0x0000000100000000)
  eden space 263680K, 0% used [0x00000000eab00000,0x00000000eab00000,0x00000000fac80000)
  from space 30208K, 99% used [0x00000000fac80000,0x00000000fc9fcc50,0x00000000fca00000)
  to   space 55296K, 0% used [0x00000000fca00000,0x00000000fca00000,0x0000000100000000)
 ParOldGen       total 121344K, used 119317K [0x00000000c0000000, 0x00000000c7680000, 0x00000000eab00000)
  object space 121344K, 98% used [0x00000000c0000000,0x00000000c74855b0,0x00000000c7680000)
 Metaspace       used 6448K, capacity 7256K, committed 7424K, reserved 1056768K
  class space    used 618K, capacity 656K, committed 768K, reserved 1048576K
Event: 15.169 GC heap after
Heap after GC invocations=8 (full 1):
 PSYoungGen      total 293888K, used 20881K [0x00000000eab00000, 0x0000000100000000, 0x0000000100000000)
  eden space 263680K, 0% used [0x00000000eab00000,0x00000000eab00000,0x00000000fac80000)
  from space 30208K, 69% used [0x00000000fac80000,0x00000000fc0e4568,0x00000000fca00000)
  to   space 55296K, 0% used [0x00000000fca00000,0x00000000fca00000,0x0000000100000000)
 ParOldGen       total 218624K, used 121243K [0x00000000c0000000, 0x00000000cd580000, 0x00000000eab00000)
  object space 218624K, 55% used [0x00000000c0000000,0x00000000c7666ed8,0x00000000cd580000)
 Metaspace       used 6448K, capacity 7256K, committed 7424K, reserved 1056768K
  class space    used 618K, capacity 656K, committed 768K, reserved 1048576K
}
Event: 15.460 GC heap before
{Heap before GC invocations=9 (full 1):
 PSYoungGen      total 293888K, used 284561K [0x00000000eab00000, 0x0000000100000000, 0x0000000100000000)
  eden space 263680K, 100% used [0x00000000eab00000,0x00000000fac80000,0x00000000fac80000)
  from space 30208K, 69% used [0x00000000fac80000,0x00000000fc0e4568,0x00000000fca00000)
  to   space 55296K, 0% used [0x00000000fca00000,0x00000000fca00000,0x0000000100000000)
 ParOldGen       total 218624K, used 121243K [0x00000000c0000000, 0x00000000cd580000, 0x00000000eab00000)
  object space 218624K, 55% used [0x00000000c0000000,0x00000000c7666ed8,0x00000000cd580000)
 Metaspace       used 6448K, capacity 7256K, committed 7424K, reserved 1056768K
  class space    used 618K, capacity 656K, committed 768K, reserved 1048576K
Event: 15.534 GC heap after
Heap after GC invocations=9 (full 1):
 PSYoungGen      total 181248K, used 55288K [0x00000000eab00000, 0x0000000100000000, 0x0000000100000000)
  eden space 125952K, 0% used [0x00000000eab00000,0x00000000eab00000,0x00000000f2600000)
  from space 55296K, 99% used [0x00000000fca00000,0x00000000ffffe2d8,0x0000000100000000)
  to   space 111616K, 0% used [0x00000000f2600000,0x00000000f2600000,0x00000000f9300000)
 ParOldGen       total 218624K, used 198582K [0x00000000c0000000, 0x00000000cd580000, 0x00000000eab00000)
  object space 218624K, 90% used [0x00000000c0000000,0x00000000cc1ed810,0x00000000cd580000)
 Metaspace       used 6448K, capacity 7256K, committed 7424K, reserved 1056768K
  class space    used 618K, capacity 656K, committed 768K, reserved 1048576K
}
Event: 15.534 GC heap before
{Heap before GC invocations=10 (full 2):
 PSYoungGen      total 181248K, used 55288K [0x00000000eab00000, 0x0000000100000000, 0x0000000100000000)
  eden space 125952K, 0% used [0x00000000eab00000,0x00000000eab00000,0x00000000f2600000)
  from space 55296K, 99% used [0x00000000fca00000,0x00000000ffffe2d8,0x0000000100000000)
  to   space 111616K, 0% used [0x00000000f2600000,0x00000000f2600000,0x00000000f9300000)
 ParOldGen       total 218624K, used 198582K [0x00000000c0000000, 0x00000000cd580000, 0x00000000eab00000)
  object space 218624K, 90% used [0x00000000c0000000,0x00000000cc1ed810,0x00000000cd580000)
 Metaspace       used 6448K, capacity 7256K, committed 7424K, reserved 1056768K
  class space    used 618K, capacity 656K, committed 768K, reserved 1048576K
Event: 15.973 GC heap after
Heap after GC invocations=10 (full 2):
 PSYoungGen      total 181248K, used 22646K [0x00000000eab00000, 0x0000000100000000, 0x0000000100000000)
  eden space 125952K, 0% used [0x00000000eab00000,0x00000000eab00000,0x00000000f2600000)
  from space 55296K, 40% used [0x00000000fca00000,0x00000000fe01d860,0x0000000100000000)
  to   space 111616K, 0% used [0x00000000f2600000,0x00000000f2600000,0x00000000f9300000)
 ParOldGen       total 374272K, used 218159K [0x00000000c0000000, 0x00000000d6d80000, 0x00000000eab00000)
  object space 374272K, 58% used [0x00000000c0000000,0x00000000cd50bde8,0x00000000d6d80000)
 Metaspace       used 6448K, capacity 7256K, committed 7424K, reserved 1056768K
  class space    used 618K, capacity 656K, committed 768K, reserved 1048576K
}

